Determining if the pthread_create exist failed with the following output:
Change Dir: /home/saadhana/Semester2/Lab/exercise6/CMakeFiles/CMakeTmp

Run Build Command:"/usr/bin/make" "cmTC_67643/fast"
/usr/bin/make -f CMakeFiles/cmTC_67643.dir/build.make CMakeFiles/cmTC_67643.dir/build
make[1]: Entering directory '/home/saadhana/Semester2/Lab/exercise6/CMakeFiles/CMakeTmp'
Building C object CMakeFiles/cmTC_67643.dir/CheckSymbolExists.c.o
/usr/bin/gcc     -o CMakeFiles/cmTC_67643.dir/CheckSymbolExists.c.o   -c /home/saadhana/Semester2/Lab/exercise6/CMakeFiles/CMakeTmp/CheckSymbolExists.c
Linking C executable cmTC_67643
/usr/bin/cmake -E cmake_link_script CMakeFiles/cmTC_67643.dir/link.txt --verbose=1
/usr/bin/gcc       CMakeFiles/cmTC_67643.dir/CheckSymbolExists.c.o  -o cmTC_67643 -rdynamic 
CMakeFiles/cmTC_67643.dir/CheckSymbolExists.c.o: In function `main':
CheckSymbolExists.c:(.text+0x16): undefined reference to `pthread_create'
collect2: error: ld returned 1 exit status
CMakeFiles/cmTC_67643.dir/build.make:97: recipe for target 'cmTC_67643' failed
make[1]: *** [cmTC_67643] Error 1
make[1]: Leaving directory '/home/saadhana/Semester2/Lab/exercise6/CMakeFiles/CMakeTmp'
Makefile:126: recipe for target 'cmTC_67643/fast' failed
make: *** [cmTC_67643/fast] Error 2

File /home/saadhana/Semester2/Lab/exercise6/CMakeFiles/CMakeTmp/CheckSymbolExists.c:
/* */
#include <pthread.h>

int main(int argc, char** argv)
{
  (void)argv;
#ifndef pthread_create
  return ((int*)(&pthread_create))[argc];
#else
  (void)argc;
  return 0;
#endif
}

Determining if the function pthread_create exists in the pthreads failed with the following output:
Change Dir: /home/saadhana/Semester2/Lab/exercise6/CMakeFiles/CMakeTmp

Run Build Command:"/usr/bin/make" "cmTC_a6926/fast"
/usr/bin/make -f CMakeFiles/cmTC_a6926.dir/build.make CMakeFiles/cmTC_a6926.dir/build
make[1]: Entering directory '/home/saadhana/Semester2/Lab/exercise6/CMakeFiles/CMakeTmp'
Building C object CMakeFiles/cmTC_a6926.dir/CheckFunctionExists.c.o
/usr/bin/gcc    -DCHECK_FUNCTION_EXISTS=pthread_create   -o CMakeFiles/cmTC_a6926.dir/CheckFunctionExists.c.o   -c /usr/share/cmake-3.5/Modules/CheckFunctionExists.c
Linking C executable cmTC_a6926
/usr/bin/cmake -E cmake_link_script CMakeFiles/cmTC_a6926.dir/link.txt --verbose=1
/usr/bin/gcc   -DCHECK_FUNCTION_EXISTS=pthread_create    CMakeFiles/cmTC_a6926.dir/CheckFunctionExists.c.o  -o cmTC_a6926 -rdynamic -lpthreads 
/usr/bin/ld: cannot find -lpthreads
collect2: error: ld returned 1 exit status
CMakeFiles/cmTC_a6926.dir/build.make:97: recipe for target 'cmTC_a6926' failed
make[1]: *** [cmTC_a6926] Error 1
make[1]: Leaving directory '/home/saadhana/Semester2/Lab/exercise6/CMakeFiles/CMakeTmp'
Makefile:126: recipe for target 'cmTC_a6926/fast' failed
make: *** [cmTC_a6926/fast] Error 2


